Arguments: 
  C:\Program Files\nodejs\node.exe C:\Users\Shridhar\AppData\Roaming\npm\node_modules\yarn\bin\yarn.js install

PATH: 
  C:\Program Files (x86)\Common Files\Oracle\Java\javapath;C:\WINDOWS\system32;C:\WINDOWS;C:\WINDOWS\System32\Wbem;C:\WINDOWS\System32\WindowsPowerShell\v1.0\;C:\Program Files\nodejs\;C:\xampp\php;C:\ProgramData\ComposerSetup\bin;C:\Program Files\PuTTY\;C:\Program Files\Git\cmd;C:\WINDOWS\System32\OpenSSH\;C:\Program Files\dotnet\;C:\Program Files\Microsoft SQL Server\130\Tools\Binn\;C:\Program Files\Microsoft SQL Server\110\Tools\Binn\;C:\Program Files (x86)\Microsoft SQL Server\110\Tools\Binn\;C:\Program Files\Microsoft SQL Server\110\DTS\Binn\;C:\Program Files (x86)\Microsoft SQL Server\110\Tools\Binn\ManagementStudio\;C:\Program Files (x86)\Microsoft SQL Server\110\DTS\Binn\;C:\Users\Shridhar\AppData\Local\Programs\Python\Python37-32;C:\Users\Shridhar\AppData\Roaming\npm\node_modules\npm\node_modules\npm-lifecycle\node-gyp-bin;C:\Users\Shridhar\AppData\Roaming\npm\node_modules\windows-build-tools\node_modules\.bin;C:\Users\Shridhar\AppData\Roaming\npm\node_modules\.bin;C:\Program Files (x86)\Common Files\Oracle\Java\javapath;C:\WINDOWS\system32;C:\WINDOWS;C:\WINDOWS\System32\Wbem;C:\WINDOWS\System32\WindowsPowerShell\v1.0\;C:\Program Files\nodejs\;C:\xampp\php;C:\ProgramData\ComposerSetup\bin;C:\Program Files\PuTTY\;C:\Program Files\Git\cmd;C:\WINDOWS\System32\OpenSSH\;C:\Program Files\dotnet\;C:\Program Files\Microsoft SQL Server\130\Tools\Binn\;C:\Program Files\Microsoft SQL Server\110\Tools\Binn\;C:\Program Files (x86)\Microsoft SQL Server\110\Tools\Binn\;C:\Program Files\Microsoft SQL Server\110\DTS\Binn\;C:\Program Files (x86)\Microsoft SQL Server\110\Tools\Binn\ManagementStudio\;C:\Program Files (x86)\Microsoft SQL Server\110\DTS\Binn\;C:\Users\Shridhar\AppData\Local\Programs\Python\Python37-32\Scripts\;C:\Users\Shridhar\AppData\Local\Programs\Python\Python37-32\;C:\Users\Shridhar\AppData\Local\Programs\Python\Python36-32\Scripts\;C:\Users\Shridhar\AppData\Local\Programs\Python\Python36-32\;C:\Users\Shridhar\AppData\Local\Microsoft\WindowsApps;C:\Users\Shridhar\AppData\Roaming\npm;C:\Users\Shridhar\AppData\Roaming\Composer\vendor\bin;C:\Users\Shridhar\AppData\Local\GitHubDesktop\bin;C:\Users\Shridhar\AppData\Local\Android\Sdk\platform-tools;C:\Program Files\heroku\bin;C:\Users\Shridhar\AppData\Local\Android\Sdk\tools;C:\Users\Shridhar\AppData\Local\Microsoft\WindowsApps;

Yarn version: 
  1.6.0

Node version: 
  8.11.1

Platform: 
  win32 x64

Trace: 
  SyntaxError: E:\htdocs\git\ng-lightgallery\package.json: Unexpected token ' in JSON at position 162
      at JSON.parse (<anonymous>)
      at C:\Users\Shridhar\AppData\Roaming\npm\node_modules\yarn\lib\cli.js:1130:59
      at Generator.next (<anonymous>)
      at step (C:\Users\Shridhar\AppData\Roaming\npm\node_modules\yarn\lib\cli.js:98:30)
      at C:\Users\Shridhar\AppData\Roaming\npm\node_modules\yarn\lib\cli.js:109:13
      at <anonymous>

npm manifest: 
  {
    "name": "ng-lightgallery",
    "version": "1.0.3",
    "description": "Light Gallery Plugin for AngularJS",
    "main": "src/index.js",
    "scripts": {
      "watch": 'tsc --watch'
    },
    "dependencies": {
      "lightgallery": "^1.6.11",
      "photoswipe": "~4.1.2"
    },
    "peerDependencies": {
      "angular": "~1.5.x",
      "lodash": "~4.17.11"
    },
    "devDependencies": {
      "@types/angular": "^1.6.51",
      "@types/jquery": "^3.3.22",
      "@types/lodash": "^4.14.117",
      "typescript": "^3.1.5",
      "webpack": "^4.23.1",
      "webpack-cli": "^3.1.2"
    },
    "repository": {
      "type": "git",
      "url": "https://github.com/shridharkaushik29/ng-lightgallery.git"
    },
    "author": "shridharkaushik",
    "license": "ISC",
    "bugs": {
      "url": "https://github.com/shridharkaushik29/ng-lightgallery/issues"
    },
    "homepage": "https://github.com/shridharkaushik29/ng-lightgallery#readme"
  }

yarn manifest: 
  No manifest

Lockfile: 
  No lockfile
